Tue Feb 21 22:35:09 CET 2023 Thread[JavaFX Application Thread,5,main] Cleanup action starting
ERROR XBM0J: XBM0J.D : [0] C:\Users\sahra\git\MyBudget\Temp\Datenbank
	at org.apache.derby.shared.common.error.StandardException.newException(StandardException.java:300)
	at org.apache.derby.shared.common.error.StandardException.newException(StandardException.java:295)
	at org.apache.derby.impl.services.monitor.StorageFactoryService$10.run(StorageFactoryService.java:822)
	at java.base/java.security.AccessController.doPrivileged(AccessController.java:569)
	at org.apache.derby.impl.services.monitor.StorageFactoryService.createServiceRoot(StorageFactoryService.java:798)
	at org.apache.derby.impl.services.monitor.BaseMonitor.bootService(BaseMonitor.java:1754)
	at org.apache.derby.impl.services.monitor.BaseMonitor.createPersistentService(BaseMonitor.java:1022)
	at org.apache.derby.impl.services.monitor.FileMonitor.createPersistentService(FileMonitor.java:48)
	at org.apache.derby.iapi.services.monitor.Monitor.createPersistentService(Monitor.java:650)
	at org.apache.derby.impl.jdbc.EmbedConnection$5.run(EmbedConnection.java:4067)
	at java.base/java.security.AccessController.doPrivileged(AccessController.java:569)
	at org.apache.derby.impl.jdbc.EmbedConnection.createPersistentService(EmbedConnection.java:4061)
	at org.apache.derby.impl.jdbc.EmbedConnection.createDatabase(EmbedConnection.java:2654)
	at org.apache.derby.impl.jdbc.EmbedConnection.<init>(EmbedConnection.java:435)
	at org.apache.derby.iapi.jdbc.InternalDriver$1.run(InternalDriver.java:660)
	at org.apache.derby.iapi.jdbc.InternalDriver$1.run(InternalDriver.java:656)
	at java.base/java.security.AccessController.doPrivileged(AccessController.java:569)
	at org.apache.derby.iapi.jdbc.InternalDriver.getNewEmbedConnection(InternalDriver.java:654)
	at org.apache.derby.iapi.jdbc.InternalDriver.connect(InternalDriver.java:300)
	at org.apache.derby.iapi.jdbc.InternalDriver.connect(InternalDriver.java:967)
	at org.apache.derby.iapi.jdbc.AutoloadedDriver.connect(AutoloadedDriver.java:136)
	at java.sql/java.sql.DriverManager.getConnection(DriverManager.java:681)
	at java.sql/java.sql.DriverManager.getConnection(DriverManager.java:252)
	at model.Datenbank.createBenutzerTable(Datenbank.java:60)
	at application.Main.start(Main.java:18)
	at javafx.graphics@19/com.sun.javafx.application.LauncherImpl.lambda$launchApplication1$9(LauncherImpl.java:847)
	at javafx.graphics@19/com.sun.javafx.application.PlatformImpl.lambda$runAndWait$12(PlatformImpl.java:484)
	at javafx.graphics@19/com.sun.javafx.application.PlatformImpl.lambda$runLater$10(PlatformImpl.java:457)
	at java.base/java.security.AccessController.doPrivileged(AccessController.java:399)
	at javafx.graphics@19/com.sun.javafx.application.PlatformImpl.lambda$runLater$11(PlatformImpl.java:456)
	at javafx.graphics@19/com.sun.glass.ui.InvokeLaterDispatcher$Future.run(InvokeLaterDispatcher.java:96)
	at javafx.graphics@19/com.sun.glass.ui.win.WinApplication._runLoop(Native Method)
	at javafx.graphics@19/com.sun.glass.ui.win.WinApplication.lambda$runLoop$3(WinApplication.java:184)
	at java.base/java.lang.Thread.run(Thread.java:833)
Cleanup action completed
Tue Feb 21 22:35:09 CET 2023 Thread[JavaFX Application Thread,5,main] Cleanup action starting
java.sql.SQLException: XJ041.C : [0] C:\Users\sahra\git\MyBudget\Temp\Datenbank
	at org.apache.derby.impl.jdbc.SQLExceptionFactory.getSQLException(SQLExceptionFactory.java:115)
	at org.apache.derby.impl.jdbc.SQLExceptionFactory.getSQLException(SQLExceptionFactory.java:141)
	at org.apache.derby.impl.jdbc.Util.seeNextException(Util.java:252)
	at org.apache.derby.impl.jdbc.EmbedConnection.createDatabase(EmbedConnection.java:2661)
	at org.apache.derby.impl.jdbc.EmbedConnection.<init>(EmbedConnection.java:435)
	at org.apache.derby.iapi.jdbc.InternalDriver$1.run(InternalDriver.java:660)
	at org.apache.derby.iapi.jdbc.InternalDriver$1.run(InternalDriver.java:656)
	at java.base/java.security.AccessController.doPrivileged(AccessController.java:569)
	at org.apache.derby.iapi.jdbc.InternalDriver.getNewEmbedConnection(InternalDriver.java:654)
	at org.apache.derby.iapi.jdbc.InternalDriver.connect(InternalDriver.java:300)
	at org.apache.derby.iapi.jdbc.InternalDriver.connect(InternalDriver.java:967)
	at org.apache.derby.iapi.jdbc.AutoloadedDriver.connect(AutoloadedDriver.java:136)
	at java.sql/java.sql.DriverManager.getConnection(DriverManager.java:681)
	at java.sql/java.sql.DriverManager.getConnection(DriverManager.java:252)
	at model.Datenbank.createBenutzerTable(Datenbank.java:60)
	at application.Main.start(Main.java:18)
	at javafx.graphics@19/com.sun.javafx.application.LauncherImpl.lambda$launchApplication1$9(LauncherImpl.java:847)
	at javafx.graphics@19/com.sun.javafx.application.PlatformImpl.lambda$runAndWait$12(PlatformImpl.java:484)
	at javafx.graphics@19/com.sun.javafx.application.PlatformImpl.lambda$runLater$10(PlatformImpl.java:457)
	at java.base/java.security.AccessController.doPrivileged(AccessController.java:399)
	at javafx.graphics@19/com.sun.javafx.application.PlatformImpl.lambda$runLater$11(PlatformImpl.java:456)
	at javafx.graphics@19/com.sun.glass.ui.InvokeLaterDispatcher$Future.run(InvokeLaterDispatcher.java:96)
	at javafx.graphics@19/com.sun.glass.ui.win.WinApplication._runLoop(Native Method)
	at javafx.graphics@19/com.sun.glass.ui.win.WinApplication.lambda$runLoop$3(WinApplication.java:184)
	at java.base/java.lang.Thread.run(Thread.java:833)
Caused by: ERROR XJ041: XJ041.C : [0] C:\Users\sahra\git\MyBudget\Temp\Datenbank
	at org.apache.derby.shared.common.error.StandardException.newException(StandardException.java:300)
	at org.apache.derby.impl.jdbc.SQLExceptionFactory.wrapArgsForTransportAcrossDRDA(SQLExceptionFactory.java:170)
	at org.apache.derby.impl.jdbc.SQLExceptionFactory.getSQLException(SQLExceptionFactory.java:75)
	... 24 more
Caused by: ERROR XBM0J: XBM0J.D : [0] C:\Users\sahra\git\MyBudget\Temp\Datenbank
	at org.apache.derby.shared.common.error.StandardException.newException(StandardException.java:300)
	at org.apache.derby.shared.common.error.StandardException.newException(StandardException.java:295)
	at org.apache.derby.impl.services.monitor.StorageFactoryService$10.run(StorageFactoryService.java:822)
	at java.base/java.security.AccessController.doPrivileged(AccessController.java:569)
	at org.apache.derby.impl.services.monitor.StorageFactoryService.createServiceRoot(StorageFactoryService.java:798)
	at org.apache.derby.impl.services.monitor.BaseMonitor.bootService(BaseMonitor.java:1754)
	at org.apache.derby.impl.services.monitor.BaseMonitor.createPersistentService(BaseMonitor.java:1022)
	at org.apache.derby.impl.services.monitor.FileMonitor.createPersistentService(FileMonitor.java:48)
	at org.apache.derby.iapi.services.monitor.Monitor.createPersistentService(Monitor.java:650)
	at org.apache.derby.impl.jdbc.EmbedConnection$5.run(EmbedConnection.java:4067)
	at java.base/java.security.AccessController.doPrivileged(AccessController.java:569)
	at org.apache.derby.impl.jdbc.EmbedConnection.createPersistentService(EmbedConnection.java:4061)
	at org.apache.derby.impl.jdbc.EmbedConnection.createDatabase(EmbedConnection.java:2654)
	... 21 more
============= begin nested exception, level (1) ===========
java.sql.SQLException: XBM0J.D : [0] C:\Users\sahra\git\MyBudget\Temp\Datenbank
	at org.apache.derby.impl.jdbc.SQLExceptionFactory.getSQLException(SQLExceptionFactory.java:115)
	at org.apache.derby.impl.jdbc.Util.generateCsSQLException(Util.java:230)
	at org.apache.derby.impl.jdbc.TransactionResourceImpl.wrapInSQLException(TransactionResourceImpl.java:431)
	at org.apache.derby.impl.jdbc.TransactionResourceImpl.handleException(TransactionResourceImpl.java:360)
	at org.apache.derby.impl.jdbc.EmbedConnection.handleException(EmbedConnection.java:2405)
	at org.apache.derby.impl.jdbc.EmbedConnection.createDatabase(EmbedConnection.java:2662)
	at org.apache.derby.impl.jdbc.EmbedConnection.<init>(EmbedConnection.java:435)
	at org.apache.derby.iapi.jdbc.InternalDriver$1.run(InternalDriver.java:660)
	at org.apache.derby.iapi.jdbc.InternalDriver$1.run(InternalDriver.java:656)
	at java.base/java.security.AccessController.doPrivileged(AccessController.java:569)
	at org.apache.derby.iapi.jdbc.InternalDriver.getNewEmbedConnection(InternalDriver.java:654)
	at org.apache.derby.iapi.jdbc.InternalDriver.connect(InternalDriver.java:300)
	at org.apache.derby.iapi.jdbc.InternalDriver.connect(InternalDriver.java:967)
	at org.apache.derby.iapi.jdbc.AutoloadedDriver.connect(AutoloadedDriver.java:136)
	at java.sql/java.sql.DriverManager.getConnection(DriverManager.java:681)
	at java.sql/java.sql.DriverManager.getConnection(DriverManager.java:252)
	at model.Datenbank.createBenutzerTable(Datenbank.java:60)
	at application.Main.start(Main.java:18)
	at javafx.graphics@19/com.sun.javafx.application.LauncherImpl.lambda$launchApplication1$9(LauncherImpl.java:847)
	at javafx.graphics@19/com.sun.javafx.application.PlatformImpl.lambda$runAndWait$12(PlatformImpl.java:484)
	at javafx.graphics@19/com.sun.javafx.application.PlatformImpl.lambda$runLater$10(PlatformImpl.java:457)
	at java.base/java.security.AccessController.doPrivileged(AccessController.java:399)
	at javafx.graphics@19/com.sun.javafx.application.PlatformImpl.lambda$runLater$11(PlatformImpl.java:456)
	at javafx.graphics@19/com.sun.glass.ui.InvokeLaterDispatcher$Future.run(InvokeLaterDispatcher.java:96)
	at javafx.graphics@19/com.sun.glass.ui.win.WinApplication._runLoop(Native Method)
	at javafx.graphics@19/com.sun.glass.ui.win.WinApplication.lambda$runLoop$3(WinApplication.java:184)
	at java.base/java.lang.Thread.run(Thread.java:833)
Caused by: ERROR XBM0J: XBM0J.D : [0] C:\Users\sahra\git\MyBudget\Temp\Datenbank
	at org.apache.derby.shared.common.error.StandardException.newException(StandardException.java:300)
	at org.apache.derby.shared.common.error.StandardException.newException(StandardException.java:295)
	at org.apache.derby.impl.services.monitor.StorageFactoryService$10.run(StorageFactoryService.java:822)
	at java.base/java.security.AccessController.doPrivileged(AccessController.java:569)
	at org.apache.derby.impl.services.monitor.StorageFactoryService.createServiceRoot(StorageFactoryService.java:798)
	at org.apache.derby.impl.services.monitor.BaseMonitor.bootService(BaseMonitor.java:1754)
	at org.apache.derby.impl.services.monitor.BaseMonitor.createPersistentService(BaseMonitor.java:1022)
	at org.apache.derby.impl.services.monitor.FileMonitor.createPersistentService(FileMonitor.java:48)
	at org.apache.derby.iapi.services.monitor.Monitor.createPersistentService(Monitor.java:650)
	at org.apache.derby.impl.jdbc.EmbedConnection$5.run(EmbedConnection.java:4067)
	at java.base/java.security.AccessController.doPrivileged(AccessController.java:569)
	at org.apache.derby.impl.jdbc.EmbedConnection.createPersistentService(EmbedConnection.java:4061)
	at org.apache.derby.impl.jdbc.EmbedConnection.createDatabase(EmbedConnection.java:2654)
	... 21 more
============= end nested exception, level (1) ===========
============= begin nested exception, level (2) ===========
ERROR XBM0J: XBM0J.D : [0] C:\Users\sahra\git\MyBudget\Temp\Datenbank
	at org.apache.derby.shared.common.error.StandardException.newException(StandardException.java:300)
	at org.apache.derby.shared.common.error.StandardException.newException(StandardException.java:295)
	at org.apache.derby.impl.services.monitor.StorageFactoryService$10.run(StorageFactoryService.java:822)
	at java.base/java.security.AccessController.doPrivileged(AccessController.java:569)
	at org.apache.derby.impl.services.monitor.StorageFactoryService.createServiceRoot(StorageFactoryService.java:798)
	at org.apache.derby.impl.services.monitor.BaseMonitor.bootService(BaseMonitor.java:1754)
	at org.apache.derby.impl.services.monitor.BaseMonitor.createPersistentService(BaseMonitor.java:1022)
	at org.apache.derby.impl.services.monitor.FileMonitor.createPersistentService(FileMonitor.java:48)
	at org.apache.derby.iapi.services.monitor.Monitor.createPersistentService(Monitor.java:650)
	at org.apache.derby.impl.jdbc.EmbedConnection$5.run(EmbedConnection.java:4067)
	at java.base/java.security.AccessController.doPrivileged(AccessController.java:569)
	at org.apache.derby.impl.jdbc.EmbedConnection.createPersistentService(EmbedConnection.java:4061)
	at org.apache.derby.impl.jdbc.EmbedConnection.createDatabase(EmbedConnection.java:2654)
	at org.apache.derby.impl.jdbc.EmbedConnection.<init>(EmbedConnection.java:435)
	at org.apache.derby.iapi.jdbc.InternalDriver$1.run(InternalDriver.java:660)
	at org.apache.derby.iapi.jdbc.InternalDriver$1.run(InternalDriver.java:656)
	at java.base/java.security.AccessController.doPrivileged(AccessController.java:569)
	at org.apache.derby.iapi.jdbc.InternalDriver.getNewEmbedConnection(InternalDriver.java:654)
	at org.apache.derby.iapi.jdbc.InternalDriver.connect(InternalDriver.java:300)
	at org.apache.derby.iapi.jdbc.InternalDriver.connect(InternalDriver.java:967)
	at org.apache.derby.iapi.jdbc.AutoloadedDriver.connect(AutoloadedDriver.java:136)
	at java.sql/java.sql.DriverManager.getConnection(DriverManager.java:681)
	at java.sql/java.sql.DriverManager.getConnection(DriverManager.java:252)
	at model.Datenbank.createBenutzerTable(Datenbank.java:60)
	at application.Main.start(Main.java:18)
	at javafx.graphics@19/com.sun.javafx.application.LauncherImpl.lambda$launchApplication1$9(LauncherImpl.java:847)
	at javafx.graphics@19/com.sun.javafx.application.PlatformImpl.lambda$runAndWait$12(PlatformImpl.java:484)
	at javafx.graphics@19/com.sun.javafx.application.PlatformImpl.lambda$runLater$10(PlatformImpl.java:457)
	at java.base/java.security.AccessController.doPrivileged(AccessController.java:399)
	at javafx.graphics@19/com.sun.javafx.application.PlatformImpl.lambda$runLater$11(PlatformImpl.java:456)
	at javafx.graphics@19/com.sun.glass.ui.InvokeLaterDispatcher$Future.run(InvokeLaterDispatcher.java:96)
	at javafx.graphics@19/com.sun.glass.ui.win.WinApplication._runLoop(Native Method)
	at javafx.graphics@19/com.sun.glass.ui.win.WinApplication.lambda$runLoop$3(WinApplication.java:184)
	at java.base/java.lang.Thread.run(Thread.java:833)
============= end nested exception, level (2) ===========
Cleanup action completed
